2025-05-16 21:20:51,857 - INFO - Connecting to 149.154.167.51:443/TcpFull...
2025-05-16 21:20:53,714 - INFO - Connection to 149.154.167.51:443/TcpFull complete!
2025-05-16 21:21:34,866 - INFO - Авторизация успешно завершена
2025-05-16 21:21:34,969 - INFO - Авторизован как Vadim (79998068946)
2025-05-16 21:21:34,970 - INFO - Клиент Telegram успешно запущен
2025-05-16 21:21:36,367 - INFO - Disconnecting from 149.154.167.51:443/TcpFull...
2025-05-16 21:21:36,368 - INFO - Disconnection from 149.154.167.51:443/TcpFull complete!
2025-05-16 21:21:36,369 - INFO - Клиент Telegram отключен
2025-05-16 21:34:11,657 - INFO - Connecting to 149.154.167.51:443/TcpFull...
2025-05-16 21:34:11,758 - INFO - Connection to 149.154.167.51:443/TcpFull complete!
2025-05-16 21:34:12,431 - INFO - Авторизация успешно завершена
2025-05-16 21:34:12,557 - INFO - Авторизован как Vadim (79998068946)
2025-05-16 21:34:12,558 - INFO - Клиент Telegram успешно запущен
2025-05-16 21:34:12,558 - INFO - Парсинг канала @baborru
2025-05-16 21:34:13,449 - INFO - Найден пост в @baborru с ключевыми словами: ['промокод']
2025-05-16 21:34:34,626 - INFO - Найден пост в @baborru с ключевыми словами: ['предложение']
2025-05-16 21:34:38,975 - INFO - Найден пост в @baborru с ключевыми словами: ['промокод', 'подарок']
2025-05-16 21:34:56,842 - INFO - Найден пост в @baborru с ключевыми словами: ['подарок']
2025-05-16 21:35:00,887 - INFO - Найден пост в @baborru с ключевыми словами: ['предложение']
2025-05-16 21:35:05,844 - INFO - Найден пост в @baborru с ключевыми словами: ['подарок']
2025-05-16 21:35:07,377 - INFO - Найден пост в @baborru с ключевыми словами: ['подарок']
2025-05-16 21:35:10,983 - INFO - Найден пост в @baborru с ключевыми словами: ['подарок']
2025-05-16 21:35:21,547 - INFO - Найден пост в @baborru с ключевыми словами: ['промокод', 'подарок']
2025-05-16 21:35:26,216 - INFO - Найден пост в @baborru с ключевыми словами: ['промокод']
2025-05-16 21:35:47,435 - INFO - Найден пост в @baborru с ключевыми словами: ['акция', 'подарок']
2025-05-16 21:36:03,176 - INFO - Найден пост в @baborru с ключевыми словами: ['бонус']
2025-05-16 21:36:24,960 - INFO - Найден пост в @baborru с ключевыми словами: ['акция', 'промокод', 'подарок']
2025-05-16 21:36:29,752 - INFO - Найден пост в @baborru с ключевыми словами: ['подарок']
2025-05-16 21:36:35,226 - INFO - Найден пост в @baborru с ключевыми словами: ['акция', 'промокод', 'подарок']
2025-05-16 21:36:49,957 - INFO - Найден пост в @baborru с ключевыми словами: ['подарок']
2025-05-16 21:36:52,333 - INFO - Найден пост в @baborru с ключевыми словами: ['акция', 'промокод', 'подарок']
2025-05-16 21:36:59,625 - INFO - Найден пост в @baborru с ключевыми словами: ['подарок']
2025-05-16 21:37:03,817 - INFO - Найден пост в @baborru с ключевыми словами: ['снижение']
2025-05-16 21:37:18,346 - INFO - Найден пост в @baborru с ключевыми словами: ['deal']
2025-05-16 21:37:21,572 - INFO - Найден пост в @baborru с ключевыми словами: ['подарок']
2025-05-16 21:37:29,276 - INFO - Парсинг канала @mesopharm_official
2025-05-16 21:37:36,252 - INFO - Найден пост в @mesopharm_official с ключевыми словами: ['скидка']
2025-05-16 21:37:39,626 - INFO - Найден пост в @mesopharm_official с ключевыми словами: ['акция', 'подарок']
2025-05-16 21:37:43,114 - INFO - Найден пост в @mesopharm_official с ключевыми словами: ['акция', 'предложение']
2025-05-16 21:39:04,586 - INFO - Найден пост в @mesopharm_official с ключевыми словами: ['акция']
2025-05-16 21:39:31,632 - INFO - Найден пост в @mesopharm_official с ключевыми словами: ['скидка']
2025-05-16 21:39:36,859 - INFO - Найден пост в @mesopharm_official с ключевыми словами: ['предложение']
2025-05-16 21:39:56,817 - INFO - Найден пост в @mesopharm_official с ключевыми словами: ['save']
2025-05-16 21:39:58,307 - INFO - Найден пост в @mesopharm_official с ключевыми словами: ['предложение']
2025-05-16 21:40:23,042 - INFO - Найден пост в @mesopharm_official с ключевыми словами: ['скидка']
2025-05-16 21:40:39,316 - INFO - Найден пост в @mesopharm_official с ключевыми словами: ['акция']
2025-05-16 21:40:54,615 - INFO - Парсинг канала @wordtoskin
2025-05-16 21:40:57,782 - INFO - Найден пост в @wordtoskin с ключевыми словами: ['акция']
2025-05-16 21:41:22,806 - INFO - Найден пост в @wordtoskin с ключевыми словами: ['special']
2025-05-16 21:41:56,145 - INFO - Найден пост в @wordtoskin с ключевыми словами: ['акция']
2025-05-16 21:41:57,587 - INFO - Найден пост в @wordtoskin с ключевыми словами: ['акция']
2025-05-16 21:42:14,038 - INFO - Найден пост в @wordtoskin с ключевыми словами: ['акция']
2025-05-16 21:42:55,725 - INFO - Найден пост в @wordtoskin с ключевыми словами: ['special']
2025-05-16 21:43:34,492 - INFO - Найден пост в @wordtoskin с ключевыми словами: ['акция']
2025-05-16 21:43:47,422 - INFO - Найден пост в @wordtoskin с ключевыми словами: ['снижение']
2025-05-16 21:44:13,803 - INFO - Парсинг канала @araviaprofessional
2025-05-16 21:47:43,184 - INFO - Парсинг канала @aravialaboratories
2025-05-16 21:49:11,763 - INFO - Найден пост в @aravialaboratories с ключевыми словами: ['подарок']
2025-05-16 21:49:13,458 - INFO - Найден пост в @aravialaboratories с ключевыми словами: ['подарок']
2025-05-16 21:50:11,196 - INFO - Найден пост в @aravialaboratories с ключевыми словами: ['подарок']
2025-05-16 21:50:56,402 - INFO - Парсинг канала @kpcosm
2025-05-16 21:52:10,255 - INFO - Got difference for channel 1762030832 updates
2025-05-16 21:52:48,701 - INFO - Got difference for account updates
2025-05-16 21:54:12,503 - INFO - Парсинг канала @geltek_skincare
2025-05-16 21:54:58,607 - INFO - Найден пост в @geltek_skincare с ключевыми словами: ['promo']
2025-05-16 21:55:36,085 - INFO - Got difference for channel 1762030832 updates
2025-05-16 21:56:04,062 - INFO - Найден пост в @geltek_skincare с ключевыми словами: ['подарок']
2025-05-16 21:57:11,572 - INFO - Найден пост в @geltek_skincare с ключевыми словами: ['promo']
2025-05-16 21:57:37,546 - INFO - Результаты сохранены в promotions.json
2025-05-16 21:57:37,548 - INFO - Disconnecting from 149.154.167.51:443/TcpFull...
2025-05-16 21:57:37,550 - INFO - Disconnection from 149.154.167.51:443/TcpFull complete!
2025-05-16 21:57:37,561 - INFO - Клиент Telegram отключен
